<?xml version="1.0" encoding="UTF-8"?>
<!-- Generated by org.testng.reporters.JUnitReportReporter -->
<testsuite hostname="Ameet" failures="0" tests="15" name="testcases.RestAssured_TestCases_PL2" time="32.032" errors="0" timestamp="2025-02-25T13:56:20 IST" skipped="0">
  <testcase classname="testcases.RestAssured_TestCases_PL2" name="createAppointmentTest" time="14.921"/>
  <testcase classname="testcases.RestAssured_TestCases_PL2" name="cancelAppointmentTest" time="0.942"/>
  <testcase classname="testcases.RestAssured_TestCases_PL2" name="searchPatientTest" time="2.851"/>
  <testcase classname="testcases.RestAssured_TestCases_PL2" name="BookingListTest" time="1.258"/>
  <testcase classname="testcases.RestAssured_TestCases_PL2" name="MainStoreTest" time="0.613"/>
  <testcase classname="testcases.RestAssured_TestCases_PL2" name="PharmacyStoreTest" time="0.581"/>
  <testcase classname="testcases.RestAssured_TestCases_PL2" name="ActivatePharmacyCountTest" time="2.782"/>
  <testcase classname="testcases.RestAssured_TestCases_PL2" name="DeactivatePharmCountTest" time="1.003"/>
  <testcase classname="testcases.RestAssured_TestCases_PL2" name="AppointApplicDeptTest" time="0.881"/>
  <testcase classname="testcases.RestAssured_TestCases_PL2" name="AdmittedPatientsData" time="0.687"/>
  <testcase classname="testcases.RestAssured_TestCases_PL2" name="GetProfileDataByEmployeeId" time="1.083"/>
  <testcase classname="testcases.RestAssured_TestCases_PL2" name="addANewDepartment" time="0.526"/>
  <testcase classname="testcases.RestAssured_TestCases_PL2" name="GetDepartments" time="2.237"/>
  <testcase classname="testcases.RestAssured_TestCases_PL2" name="EditDepartment" time="1.006"/>
  <testcase classname="testcases.RestAssured_TestCases_PL2" name="GetImagingTypes" time="0.661"/>
</testsuite> <!-- testcases.RestAssured_TestCases_PL2 -->
