<?xml version="1.0" encoding="UTF-8"?>
<!-- Generated by org.testng.reporters.JUnitReportReporter -->
<testsuite hostname="USER-15" failures="0" tests="18" name="testcases.RestAssured_TestCases_PL1" time="17.254" errors="0" timestamp="2024-11-11T16:23:47 IST" skipped="0">
  <testcase classname="testcases.RestAssured_TestCases_PL1" name="createAppointmentTest" time="4.183"/>
  <testcase classname="testcases.RestAssured_TestCases_PL1" name="getAllApplicableDoctors" time="0.586"/>
  <testcase classname="testcases.RestAssured_TestCases_PL1" name="cancelAppointmentTest" time="0.627"/>
  <testcase classname="testcases.RestAssured_TestCases_PL1" name="clashAppointmentTest" time="0.714"/>
  <testcase classname="testcases.RestAssured_TestCases_PL1" name="searchPatientTest" time="0.581"/>
  <testcase classname="testcases.RestAssured_TestCases_PL1" name="BookingListTest" time="0.627"/>
  <testcase classname="testcases.RestAssured_TestCases_PL1" name="AllStockDetailsTest" time="2.598"/>
  <testcase classname="testcases.RestAssured_TestCases_PL1" name="MainStoreTest" time="0.509"/>
  <testcase classname="testcases.RestAssured_TestCases_PL1" name="PharmacyStoreTest" time="0.432"/>
  <testcase classname="testcases.RestAssured_TestCases_PL1" name="PatientConsumptionTest" time="0.635"/>
  <testcase classname="testcases.RestAssured_TestCases_PL1" name="ActivatePharmacyCountTest" time="0.604"/>
  <testcase classname="testcases.RestAssured_TestCases_PL1" name="DeactivatePharmCountTest" time="0.883"/>
  <testcase classname="testcases.RestAssured_TestCases_PL1" name="AppointApplicDeptTest" time="0.715"/>
  <testcase classname="testcases.RestAssured_TestCases_PL1" name="AdmittedPatientsData" time="0.510"/>
  <testcase classname="testcases.RestAssured_TestCases_PL1" name="addcurrencyTest" time="0.907"/>
  <testcase classname="testcases.RestAssured_TestCases_PL1" name="findMatchingPatientTest" time="0.647"/>
  <testcase classname="testcases.RestAssured_TestCases_PL1" name="getAllRegisteredPatientsTest" time="0.946"/>
  <testcase classname="testcases.RestAssured_TestCases_PL1" name="getAllBillingCounters" time="0.550"/>
</testsuite> <!-- testcases.RestAssured_TestCases_PL1 -->
