<?xml version="1.0" encoding="UTF-8"?>
<!-- Generated by org.testng.reporters.JUnitXMLReporter -->
<testsuite ignored="0" hostname="d5442090c1b857b" failures="0" tests="6" name="Test" time="52.858" errors="0" timestamp="2025-03-24T15:43:05 IST">
  <testcase classname="testcases.patient_testcase" name="verifyTitleAndURLOfTheHomePage" time="10.704"/>
  <testcase classname="testcases.patient_testcase" name="verifyAllPresenceOfFieldIfPatientModuleIsPresent" time="1.32"/>
  <testcase classname="testcases.patient_testcase" name="verifyPlaceholderNameOfTexbox" time="1.05"/>
  <testcase classname="testcases.patient_testcase" name="verifyTakeASnapshotButtonIsPresent" time="4.768"/>
  <testcase classname="testcases.patient_testcase" name="verifyErrorMessage" time="6.301"/>
  <testcase classname="testcases.patient_testcase" name="verifyTextboxIsPresentAndValidateEnteredValue" time="1.381"/>
</testsuite> <!-- Test -->
