<?xml version="1.0" encoding="UTF-8"?>
<testng-results ignored="0" total="8" passed="8" failed="0" skipped="0">
  <reporter-output>
  </reporter-output>
  <suite started-at="2025-03-04T10:17:39 IST" name="Suite" finished-at="2025-03-04T10:19:15 IST" duration-ms="95192">
    <groups>
      <group name="sanity">
        <method signature="socialService_testcase.verifyTitleOfTheHomePage()[pri:1, instance:testcases.socialService_testcase@1950e8a6]" name="verifyTitleOfTheHomePage" class="testcases.socialService_testcase"/>
        <method signature="socialService_testcase.verifySocialServiceModuleIsPresentAndGoToSocialServiceTab()[pri:2, instance:testcases.socialService_testcase@1950e8a6]" name="verifySocialServiceModuleIsPresentAndGoToSocialServiceTab" class="testcases.socialService_testcase"/>
        <method signature="socialService_testcase.registerNewSSUPatientButtonIsPresent()[pri:3, instance:testcases.socialService_testcase@1950e8a6]" name="registerNewSSUPatientButtonIsPresent" class="testcases.socialService_testcase"/>
        <method signature="socialService_testcase.validateTheErrorMessageInFirstnameTextfield()[pri:4, instance:testcases.socialService_testcase@1950e8a6]" name="validateTheErrorMessageInFirstnameTextfield" class="testcases.socialService_testcase"/>
        <method signature="socialService_testcase.fillDataInTextfieldsAndVerifyEnteredData()[pri:5, instance:testcases.socialService_testcase@1950e8a6]" name="fillDataInTextfieldsAndVerifyEnteredData" class="testcases.socialService_testcase"/>
        <method signature="socialService_testcase.scrollToButtomOfThePageAndVerifyCloseButtonIsPresent()[pri:6, instance:testcases.socialService_testcase@1950e8a6]" name="scrollToButtomOfThePageAndVerifyCloseButtonIsPresent" class="testcases.socialService_testcase"/>
        <method signature="socialService_testcase.validateWarnningMessageForMembershipDropdown()[pri:7, instance:testcases.socialService_testcase@1950e8a6]" name="validateWarnningMessageForMembershipDropdown" class="testcases.socialService_testcase"/>
        <method signature="socialService_testcase.verifyYesIsSelectedFromHasTargetGroupCertificateDropdownAndValidateTextbox()[pri:8, instance:testcases.socialService_testcase@1950e8a6]" name="verifyYesIsSelectedFromHasTargetGroupCertificateDropdownAndValidateTextbox" class="testcases.socialService_testcase"/>
      </group> <!-- sanity -->
    </groups>
    <test started-at="2025-03-04T10:17:39 IST" name="Test" finished-at="2025-03-04T10:19:15 IST" duration-ms="95192">
      <class name="testcases.socialService_testcase">
        <test-method is-config="true" signature="initBrowser(java.lang.String,java.lang.String)[pri:0, instance:testcases.socialService_testcase@1950e8a6]" started-at="2025-03-04T10:17:39 IST" name="initBrowser" finished-at="2025-03-04T10:18:15 IST" duration-ms="35821" status="PASS">
          <params>
            <param index="0">
              <value>
                <![CDATA[chrome]]>
              </value>
            </param>
            <param index="1">
              <value>
                <![CDATA[dev]]>
              </value>
            </param>
          </params>
          <reporter-output>
          </reporter-output>
        </test-method> <!-- initBrowser -->
        <test-method signature="verifyTitleOfTheHomePage()[pri:1, instance:testcases.socialService_testcase@1950e8a6]" started-at="2025-03-04T10:18:15 IST" name="verifyTitleOfTheHomePage" description="Verify the title and url of  the current page." finished-at="2025-03-04T10:18:31 IST" duration-ms="15912" status="PASS">
          <reporter-output>
          </reporter-output>
        </test-method> <!-- verifyTitleOfTheHomePage -->
        <test-method signature="verifySocialServiceModuleIsPresentAndGoToSocialServiceTab()[pri:2, instance:testcases.socialService_testcase@1950e8a6]" started-at="2025-03-04T10:18:35 IST" name="verifySocialServiceModuleIsPresentAndGoToSocialServiceTab" description="Verify that SocialService module is present or not ?                                                      
If Social Service Module is present then Then go to SocialService Page." finished-at="2025-03-04T10:18:38 IST" duration-ms="2690" status="PASS">
          <reporter-output>
          </reporter-output>
        </test-method> <!-- verifySocialServiceModuleIsPresentAndGoToSocialServiceTab -->
        <test-method signature="registerNewSSUPatientButtonIsPresent()[pri:3, instance:testcases.socialService_testcase@1950e8a6]" started-at="2025-03-04T10:18:41 IST" name="registerNewSSUPatientButtonIsPresent" description="Verify that Register New SSU Patient button is present inside the SocialService page
and when we click on &quot;Register New SSU Patient&quot; button, it popup &quot;New SSU Patient Registration&quot; form." finished-at="2025-03-04T10:18:44 IST" duration-ms="2954" status="PASS">
          <reporter-output>
          </reporter-output>
        </test-method> <!-- registerNewSSUPatientButtonIsPresent -->
        <test-method signature="validateTheErrorMessageInFirstnameTextfield()[pri:4, instance:testcases.socialService_testcase@1950e8a6]" started-at="2025-03-04T10:18:47 IST" name="validateTheErrorMessageInFirstnameTextfield" description="On the &quot;New SSU Patient Registration&quot; form,
Validate the error message in Last Name textfield
without filling any data and clicking on &quot;Register&quot; Button" finished-at="2025-03-04T10:18:50 IST" duration-ms="3286" status="PASS">
          <reporter-output>
          </reporter-output>
        </test-method> <!-- validateTheErrorMessageInFirstnameTextfield -->
        <test-method signature="fillDataInTextfieldsAndVerifyEnteredData()[pri:5, instance:testcases.socialService_testcase@1950e8a6]" started-at="2025-03-04T10:18:53 IST" name="fillDataInTextfieldsAndVerifyEnteredData" description="On the &quot;New SSU Patient Registration&quot; form&#039;s validate that First Name,
Middle Name &amp; Last Name textbox are present or not ?
If present then fill the below textbox :
First Name textbox
Middle Name textbox
Last Name textbox 
Check the data which we are entered are present in &quot;First Name&quot;First Name textbox or not ?" finished-at="2025-03-04T10:18:54 IST" duration-ms="760" status="PASS">
          <reporter-output>
          </reporter-output>
        </test-method> <!-- fillDataInTextfieldsAndVerifyEnteredData -->
        <test-method signature="scrollToButtomOfThePageAndVerifyCloseButtonIsPresent()[pri:6, instance:testcases.socialService_testcase@1950e8a6]" started-at="2025-03-04T10:18:57 IST" name="scrollToButtomOfThePageAndVerifyCloseButtonIsPresent" description="scroll to the bottom of the &quot;New SSU Patient Registration&quot; form
and verify that &quot;Register&quot; button  and &quot;Close&quot; button are peresent or not?" finished-at="2025-03-04T10:19:03 IST" duration-ms="6269" status="PASS">
          <reporter-output>
          </reporter-output>
        </test-method> <!-- scrollToButtomOfThePageAndVerifyCloseButtonIsPresent -->
        <test-method signature="validateWarnningMessageForMembershipDropdown()[pri:7, instance:testcases.socialService_testcase@1950e8a6]" started-at="2025-03-04T10:19:07 IST" name="validateWarnningMessageForMembershipDropdown" description="Validate the warnning message for the membership dropdown." finished-at="2025-03-04T10:19:07 IST" duration-ms="168" status="PASS">
          <reporter-output>
          </reporter-output>
        </test-method> <!-- validateWarnningMessageForMembershipDropdown -->
        <test-method signature="verifyYesIsSelectedFromHasTargetGroupCertificateDropdownAndValidateTextbox()[pri:8, instance:testcases.socialService_testcase@1950e8a6]" started-at="2025-03-04T10:19:10 IST" name="verifyYesIsSelectedFromHasTargetGroupCertificateDropdownAndValidateTextbox" description="select Yes from the Has target group certificate? dropdown and verify that Target group certificate type and certificate no textfield is present or not " finished-at="2025-03-04T10:19:11 IST" duration-ms="1224" status="PASS">
          <reporter-output>
          </reporter-output>
        </test-method> <!-- verifyYesIsSelectedFromHasTargetGroupCertificateDropdownAndValidateTextbox -->
        <test-method is-config="true" signature="tearDown()[pri:0, instance:testcases.socialService_testcase@1950e8a6]" started-at="2025-03-04T10:19:14 IST" name="tearDown" finished-at="2025-03-04T10:19:15 IST" duration-ms="247" status="PASS">
          <reporter-output>
          </reporter-output>
        </test-method> <!-- tearDown -->
      </class> <!-- testcases.socialService_testcase -->
    </test> <!-- Test -->
  </suite> <!-- Suite -->
</testng-results>
