<?xml version="1.0" encoding="UTF-8"?>
<!-- Generated by org.testng.reporters.JUnitXMLReporter -->
<testsuite ignored="0" hostname="347082d778585df" failures="0" tests="8" name="Test" time="95.192" errors="0" timestamp="2025-03-04T10:19:15 IST">
  <testcase classname="testcases.socialService_testcase" name="verifyTitleOfTheHomePage" time="15.912"/>
  <testcase classname="testcases.socialService_testcase" name="verifySocialServiceModuleIsPresentAndGoToSocialServiceTab" time="2.69"/>
  <testcase classname="testcases.socialService_testcase" name="registerNewSSUPatientButtonIsPresent" time="2.954"/>
  <testcase classname="testcases.socialService_testcase" name="validateTheErrorMessageInFirstnameTextfield" time="3.286"/>
  <testcase classname="testcases.socialService_testcase" name="fillDataInTextfieldsAndVerifyEnteredData" time="0.76"/>
  <testcase classname="testcases.socialService_testcase" name="scrollToButtomOfThePageAndVerifyCloseButtonIsPresent" time="6.269"/>
  <testcase classname="testcases.socialService_testcase" name="validateWarnningMessageForMembershipDropdown" time="0.168"/>
  <testcase classname="testcases.socialService_testcase" name="verifyYesIsSelectedFromHasTargetGroupCertificateDropdownAndValidateTextbox" time="1.224"/>
</testsuite> <!-- Test -->
